<?xml version="1.0" encoding="UTF-8"?>
<!-- Generated by org.testng.reporters.JUnitXMLReporter -->
<testsuite hostname="DESKTOP-O82LSA4" ignored="0" name="Test" tests="3" failures="0" timestamp="2020-09-15T00:28:43 IST" time="244.264" errors="0">
  <testcase name="LaunchHome" time="49.646" classname="TestApplication.NB_BuyProperty"/>
  <testcase name="SearchBuy" time="38.416" classname="TestApplication.NB_BuyProperty"/>
  <testcase name="SelectResult" time="156.105" classname="TestApplication.NB_BuyProperty"/>
</testsuite> <!-- Test -->
