<?xml version="1.0" encoding="UTF-8"?>
<testng-results skipped="0" failed="0" ignored="0" total="1" passed="1">
  <reporter-output>
  </reporter-output>
  <suite name="Default suite" duration-ms="50607" started-at="2020-09-12T08:38:54 IST" finished-at="2020-09-12T08:39:45 IST">
    <groups>
    </groups>
    <test name="Default test" duration-ms="50607" started-at="2020-09-12T08:38:54 IST" finished-at="2020-09-12T08:39:45 IST">
      <class name="TestApplication.NB_BuyProperty">
        <test-method status="PASS" signature="LaunchHome()[pri:0, instance:TestApplication.NB_BuyProperty@7a3d45bd]" name="LaunchHome" duration-ms="50525" started-at="2020-09-12T08:38:54 IST" finished-at="2020-09-12T08:39:45 IST">
          <reporter-output>
          </reporter-output>
        </test-method> <!-- LaunchHome -->
      </class> <!-- TestApplication.NB_BuyProperty -->
    </test> <!-- Default test -->
  </suite> <!-- Default suite -->
</testng-results>
